Using pre-set license
Built from '2021.3/staging' branch; Version is '2021.3.5f1 (40eb3a945986) revision 4254522'; Using compiler version '192829333'; Build Type 'Release'
OS: 'Windows 10  (10.0.19044) 64bit Core' Language: 'en' Physical Memory: 16271 MB
BatchMode: 1, IsHumanControllingUs: 0, StartBugReporterOnCrash: 0, Is64bit: 1, IsPro: 1

COMMAND LINE ARGUMENTS:
C:\Program Files\Unity\Hub\Editor\2021.3.5f1\Editor\Unity.exe
-adb2
-batchMode
-noUpm
-name
AssetImportWorker1
-projectPath
C:/Users/Emily/Emily Girata - Final Project ID/Assets
-logFile
Logs/AssetImportWorker1.log
-srvPort
54184
Successfully changed project path to: C:/Users/Emily/Emily Girata - Final Project ID/Assets
C:/Users/Emily/Emily Girata - Final Project ID/Assets
[UnityMemory] Configuration Parameters - Can be set up in boot.config
    "memorysetup-bucket-allocator-granularity=16"
    "memorysetup-bucket-allocator-bucket-count=8"
    "memorysetup-bucket-allocator-block-size=33554432"
    "memorysetup-bucket-allocator-block-count=8"
    "memorysetup-main-allocator-block-size=16777216"
    "memorysetup-thread-allocator-block-size=16777216"
    "memorysetup-gfx-main-allocator-block-size=16777216"
    "memorysetup-gfx-thread-allocator-block-size=16777216"
    "memorysetup-cache-allocator-block-size=4194304"
    "memorysetup-typetree-allocator-block-size=2097152"
    "memorysetup-profiler-bucket-allocator-granularity=16"
    "memorysetup-profiler-bucket-allocator-bucket-count=8"
    "memorysetup-profiler-bucket-allocator-block-size=33554432"
    "memorysetup-profiler-bucket-allocator-block-count=8"
    "memorysetup-profiler-allocator-block-size=16777216"
    "memorysetup-profiler-editor-allocator-block-size=1048576"
    "memorysetup-temp-allocator-size-main=16777216"
    "memorysetup-job-temp-allocator-block-size=2097152"
    "memorysetup-job-temp-allocator-block-size-background=1048576"
    "memorysetup-job-temp-allocator-reduction-small-platforms=262144"
    "memorysetup-temp-allocator-size-background-worker=32768"
    "memorysetup-temp-allocator-size-job-worker=262144"
    "memorysetup-temp-allocator-size-preload-manager=33554432"
    "memorysetup-temp-allocator-size-nav-mesh-worker=65536"
    "memorysetup-temp-allocator-size-audio-worker=65536"
    "memorysetup-temp-allocator-size-cloud-worker=32768"
    "memorysetup-temp-allocator-size-gi-baking-worker=262144"
    "memorysetup-temp-allocator-size-gfx=262144"
Refreshing native plugins compatible for Editor in 74.50 ms, found 1 plugins.
Preloading 0 native plugins for Editor in 0.00 ms.
Initialize engine version: 2021.3.5f1 (40eb3a945986)
[Subsystems] Discovering subsystems at path C:/Program Files/Unity/Hub/Editor/2021.3.5f1/Editor/Data/Resources/UnitySubsystems
[Subsystems] Discovering subsystems at path C:/Users/Emily/Emily Girata - Final Project ID/Assets/Assets
GfxDevice: creating device client; threaded=0; jobified=0
Direct3D:
    Version:  Direct3D 11.0 [level 11.1]
    Renderer: NVIDIA GeForce MX250 (ID=0x1d13)
    Vendor:   NVIDIA
    VRAM:     4026 MB
    Driver:   31.0.15.2892
Initialize mono
Mono path[0] = 'C:/Program Files/Unity/Hub/Editor/2021.3.5f1/Editor/Data/Managed'
Mono path[1] = 'C:/Program Files/Unity/Hub/Editor/2021.3.5f1/Editor/Data/MonoBleedingEdge/lib/mono/unityjit-win32'
Mono config path = 'C:/Program Files/Unity/Hub/Editor/2021.3.5f1/Editor/Data/MonoBleedingEdge/etc'
Using monoOptions --debugger-agent=transport=dt_socket,embedding=1,server=y,suspend=n,address=127.0.0.1:56204
Begin MonoManager ReloadAssembly
Registering precompiled unity dll's ...
Register platform support module: C:/Program Files/Unity/Hub/Editor/2021.3.5f1/Editor/Data/PlaybackEngines/WindowsStandaloneSupport/UnityEditor.WindowsStandalone.Extensions.dll
Registered in 0.023307 seconds.
Native extension for WindowsStandalone target not found
Refreshing native plugins compatible for Editor in 47.26 ms, found 1 plugins.
Preloading 0 native plugins for Editor in 0.00 ms.
Mono: successfully reloaded assembly
- Completed reload, in  1.246 seconds
Domain Reload Profiling:
	ReloadAssembly (1247ms)
		BeginReloadAssembly (212ms)
			ExecutionOrderSort (0ms)
			DisableScriptedObjects (0ms)
			BackupInstance (0ms)
			ReleaseScriptingObjects (0ms)
			CreateAndSetChildDomain (2ms)
		EndReloadAssembly (732ms)
			LoadAssemblies (199ms)
			RebuildTransferFunctionScriptingTraits (0ms)
			SetupTypeCache (206ms)
			ReleaseScriptCaches (0ms)
			RebuildScriptCaches (51ms)
			SetupLoadedEditorAssemblies (373ms)
				LogAssemblyErrors (0ms)
				InitializePlatformSupportModulesInManaged (13ms)
				SetLoadedEditorAssemblies (0ms)
				RefreshPlugins (47ms)
				BeforeProcessingInitializeOnLoad (3ms)
				ProcessInitializeOnLoadAttributes (242ms)
				ProcessInitializeOnLoadMethodAttributes (68ms)
				AfterProcessingInitializeOnLoad (0ms)
				EditorAssembliesLoaded (0ms)
			ExecutionOrderSort2 (0ms)
			AwakeInstancesAfterBackupRestoration (0ms)
Platform modules already initialized, skipping
Registering precompiled user dll's ...
Registered in 0.006444 seconds.
Begin MonoManager ReloadAssembly
Native extension for WindowsStandalone target not found
Refreshing native plugins compatible for Editor in 33.92 ms, found 1 plugins.
Preloading 0 native plugins for Editor in 0.00 ms.
Mono: successfully reloaded assembly
- Completed reload, in  1.277 seconds
Domain Reload Profiling:
	ReloadAssembly (1278ms)
		BeginReloadAssembly (152ms)
			ExecutionOrderSort (0ms)
			DisableScriptedObjects (7ms)
			BackupInstance (0ms)
			ReleaseScriptingObjects (0ms)
			CreateAndSetChildDomain (23ms)
		EndReloadAssembly (931ms)
			LoadAssemblies (106ms)
			RebuildTransferFunctionScriptingTraits (0ms)
			SetupTypeCache (216ms)
			ReleaseScriptCaches (0ms)
			RebuildScriptCaches (52ms)
			SetupLoadedEditorAssemblies (488ms)
				LogAssemblyErrors (0ms)
				InitializePlatformSupportModulesInManaged (7ms)
				SetLoadedEditorAssemblies (0ms)
				RefreshPlugins (34ms)
				BeforeProcessingInitializeOnLoad (84ms)
				ProcessInitializeOnLoadAttributes (252ms)
				ProcessInitializeOnLoadMethodAttributes (82ms)
				AfterProcessingInitializeOnLoad (29ms)
				EditorAssembliesLoaded (0ms)
			ExecutionOrderSort2 (0ms)
			AwakeInstancesAfterBackupRestoration (13ms)
Platform modules already initialized, skipping
========================================================================
Worker process is ready to serve import requests
Launched and connected shader compiler UnityShaderCompiler.exe after 0.06 seconds
Refreshing native plugins compatible for Editor in 0.38 ms, found 1 plugins.
Preloading 0 native plugins for Editor in 0.00 ms.
Unloading 1479 Unused Serialized files (Serialized files now loaded: 0)
Unloading 22 unused Assets / (55.6 KB). Loaded Objects now: 1949.
Memory consumption went from 82.0 MB to 81.9 MB.
Total: 6.398600 ms (FindLiveObjects: 0.221200 ms CreateObjectMapping: 0.108800 ms MarkObjects: 5.976100 ms  DeleteObjects: 0.091000 ms)

AssetImportParameters requested are different than current active one (requested -> active):
  custom:video-decoder-ogg-theora: a1e56fd34408186e4bbccfd4996cb3dc -> 
  custom:container-muxer-webm: aa71ff27fc2769a1b78a27578f13a17b -> 
  custom:container-demuxer-webm: 4f35f7cbe854078d1ac9338744f61a02 -> 
  custom:video-encoder-webm-vp8: eb34c28f22e8b96e1ab97ce403110664 -> 
  custom:audio-encoder-webm-vorbis: bf7c407c2cedff20999df2af8eb42d56 -> 
  custom:framework-win-MediaFoundation: 216162199b28c13a410421893ffa2e32 -> 
  custom:container-demuxer-ogg: 62fdf1f143b41e24485cea50d1cbac27 -> 
  custom:video-decoder-webm-vp8: 9c59270c3fd7afecdb556c50c9e8de78 -> 
  custom:audio-decoder-ogg-vorbis: bf7c407c2cedff20999df2af8eb42d56 -> 
========================================================================
Received Import Request.
  Time since last request: 1830196.699635 seconds.
  path: Assets/Prefabs/Coin .prefab
  artifactKey: Guid(fe276b47611bb3140ba2d7d24ee3013a) Importer(815301076,1909f56bfc062723c751e8b465ee728b)
Start importing Assets/Prefabs/Coin .prefab using Guid(fe276b47611bb3140ba2d7d24ee3013a) Importer(815301076,1909f56bfc062723c751e8b465ee728b)  -> (artifact id: 'ad764c3f010ca301e7efff03dcc9f73d') in 0.245421 seconds 
========================================================================
Received Import Request.
  Time since last request: 0.000045 seconds.
  path: Assets/Prefabs/SmallFlatMiddleGround.prefab
  artifactKey: Guid(cc8297bd34cc8a74680e128410048b4b) Importer(815301076,1909f56bfc062723c751e8b465ee728b)
Start importing Assets/Prefabs/SmallFlatMiddleGround.prefab using Guid(cc8297bd34cc8a74680e128410048b4b) Importer(815301076,1909f56bfc062723c751e8b465ee728b)  -> (artifact id: 'b614b10ff2a1be93d13b050f875ee1f8') in 0.018911 seconds 
========================================================================
Received Import Request.
  Time since last request: 2.579815 seconds.
  path: Assets/Sprites/Castle.png
  artifactKey: Guid(331491a7c5b40654186a541d64efdd47) Importer(815301076,1909f56bfc062723c751e8b465ee728b)
Start importing Assets/Sprites/Castle.png using Guid(331491a7c5b40654186a541d64efdd47) Importer(815301076,1909f56bfc062723c751e8b465ee728b)  -> (artifact id: '4cdcf5926dc9081e9abea63ac0b7234c') in 0.089784 seconds 
========================================================================
Received Import Request.
  Time since last request: 0.000019 seconds.
  path: Assets/Sprites/Sprite Sheet - Green Hurt - No Flash.png
  artifactKey: Guid(1610cdad8f37390448a40479997daf02) Importer(815301076,1909f56bfc062723c751e8b465ee728b)
Start importing Assets/Sprites/Sprite Sheet - Green Hurt - No Flash.png using Guid(1610cdad8f37390448a40479997daf02) Importer(815301076,1909f56bfc062723c751e8b465ee728b)  -> (artifact id: '0ee694684e58123595cebd162f065325') in 0.067309 seconds 
========================================================================
Received Import Request.
  Time since last request: 0.000033 seconds.
  path: Assets/Sprites/Sprite Sheet - Green Jump to Fall.png
  artifactKey: Guid(324a09dfec4299c4bb2e56386d91262b) Importer(815301076,1909f56bfc062723c751e8b465ee728b)
Start importing Assets/Sprites/Sprite Sheet - Green Jump to Fall.png using Guid(324a09dfec4299c4bb2e56386d91262b) Importer(815301076,1909f56bfc062723c751e8b465ee728b)  -> (artifact id: '3234d8f9fa2c93e3c1d92fac80dfacad') in 0.035304 seconds 
========================================================================
Received Import Request.
  Time since last request: 0.000077 seconds.
  path: Assets/Sprites/Emily Cake Sprite.png
  artifactKey: Guid(57193eac6512ee2419829a36ca1db3b1) Importer(815301076,1909f56bfc062723c751e8b465ee728b)
Start importing Assets/Sprites/Emily Cake Sprite.png using Guid(57193eac6512ee2419829a36ca1db3b1) Importer(815301076,1909f56bfc062723c751e8b465ee728b)  -> (artifact id: 'f409d19eff196c1b097317a76aab45c7') in 0.074026 seconds 
========================================================================
Received Import Request.
  Time since last request: 0.000031 seconds.
  path: Assets/Sprites/Idle.png
  artifactKey: Guid(15a7d22f94731fd4283935b605ba8f7d) Importer(815301076,1909f56bfc062723c751e8b465ee728b)
Start importing Assets/Sprites/Idle.png using Guid(15a7d22f94731fd4283935b605ba8f7d) Importer(815301076,1909f56bfc062723c751e8b465ee728b)  -> (artifact id: '72136f7865f2f04987295ebdc80b0955') in 0.067849 seconds 
========================================================================
Received Import Request.
  Time since last request: 0.000034 seconds.
  path: Assets/Sprites/Mario_Big_Slide.png
  artifactKey: Guid(bfb02f37424e1504cb18192b8e445d43) Importer(815301076,1909f56bfc062723c751e8b465ee728b)
Start importing Assets/Sprites/Mario_Big_Slide.png using Guid(bfb02f37424e1504cb18192b8e445d43) Importer(815301076,1909f56bfc062723c751e8b465ee728b)  -> (artifact id: '766c0bc4e08a72c17060ea3423a1b2d2') in 0.672510 seconds 
========================================================================
Received Import Request.
  Time since last request: 0.000028 seconds.
  path: Assets/Sprites/Mario_Small_Jump.png
  artifactKey: Guid(fe0645aacf16c3c4cab67a8ac2e3bc3a) Importer(815301076,1909f56bfc062723c751e8b465ee728b)
Start importing Assets/Sprites/Mario_Small_Jump.png using Guid(fe0645aacf16c3c4cab67a8ac2e3bc3a) Importer(815301076,1909f56bfc062723c751e8b465ee728b)  -> (artifact id: '29840cabf550dac5dd8fc08e2fa47098') in 0.032616 seconds 
========================================================================
Received Import Request.
  Time since last request: 0.000034 seconds.
  path: Assets/Sprites/HardBlock.png
  artifactKey: Guid(6db0263616490f34f8330d6b4a1d978b) Importer(815301076,1909f56bfc062723c751e8b465ee728b)
Start importing Assets/Sprites/HardBlock.png using Guid(6db0263616490f34f8330d6b4a1d978b) Importer(815301076,1909f56bfc062723c751e8b465ee728b)  -> (artifact id: 'e7da16b4b5531923d70e03702087ed98') in 0.018855 seconds 
========================================================================
Received Import Request.
  Time since last request: 0.000048 seconds.
  path: Assets/Sprites/Mario_Big_Idle.png
  artifactKey: Guid(17d0f5a19508c994e86dbee100fa8269) Importer(815301076,1909f56bfc062723c751e8b465ee728b)
Start importing Assets/Sprites/Mario_Big_Idle.png using Guid(17d0f5a19508c994e86dbee100fa8269) Importer(815301076,1909f56bfc062723c751e8b465ee728b)  -> (artifact id: 'edd5da67e0e918dd2230f10bf1c2bba1') in 0.034855 seconds 
========================================================================
Received Import Request.
  Time since last request: 0.000035 seconds.
  path: Assets/Sprites/Goomba_Walk1.png
  artifactKey: Guid(56edcd414648ccd46810c8fb8d71f38f) Importer(815301076,1909f56bfc062723c751e8b465ee728b)
Start importing Assets/Sprites/Goomba_Walk1.png using Guid(56edcd414648ccd46810c8fb8d71f38f) Importer(815301076,1909f56bfc062723c751e8b465ee728b)  -> (artifact id: '08cc3632018bbb6342349ccd8b845233') in 0.017600 seconds 
========================================================================
Received Import Request.
  Time since last request: 0.000035 seconds.
  path: Assets/Sprites/Sprite Sheet - Green Death - No Flash.png
  artifactKey: Guid(b7991da59e8e2b24ba2089bcf4168640) Importer(815301076,1909f56bfc062723c751e8b465ee728b)
Start importing Assets/Sprites/Sprite Sheet - Green Death - No Flash.png using Guid(b7991da59e8e2b24ba2089bcf4168640) Importer(815301076,1909f56bfc062723c751e8b465ee728b)  -> (artifact id: '40682ca6eb9d0594e33f628adc097979') in 0.067629 seconds 
========================================================================
Received Import Request.
  Time since last request: 0.000026 seconds.
  path: Assets/Sprites/Sprite Sheet - Green Hurt.png
  artifactKey: Guid(8fb7e8f491159894db0a07bdb1c838bd) Importer(815301076,1909f56bfc062723c751e8b465ee728b)
Start importing Assets/Sprites/Sprite Sheet - Green Hurt.png using Guid(8fb7e8f491159894db0a07bdb1c838bd) Importer(815301076,1909f56bfc062723c751e8b465ee728b)  -> (artifact id: 'e3ece06ba9a32a33aefee5b3eebb1425') in 0.047217 seconds 
========================================================================
Received Import Request.
  Time since last request: 0.000028 seconds.
  path: Assets/Sprites/Sprite Sheet - Green Jump Down.png
  artifactKey: Guid(c39e10bc87809eb44a532f76510244e0) Importer(815301076,1909f56bfc062723c751e8b465ee728b)
Start importing Assets/Sprites/Sprite Sheet - Green Jump Down.png using Guid(c39e10bc87809eb44a532f76510244e0) Importer(815301076,1909f56bfc062723c751e8b465ee728b)  -> (artifact id: 'ab18a7767589afef3dace9d483bbc39b') in 0.017986 seconds 
========================================================================
Received Import Request.
  Time since last request: 0.000045 seconds.
  path: Assets/Sprites/Goomba_Flat.png
  artifactKey: Guid(dceda839fbcc74441aef5f93f32bdc1a) Importer(815301076,1909f56bfc062723c751e8b465ee728b)
Start importing Assets/Sprites/Goomba_Flat.png using Guid(dceda839fbcc74441aef5f93f32bdc1a) Importer(815301076,1909f56bfc062723c751e8b465ee728b)  -> (artifact id: '4e18ec74ebd4bc5ba50419ff131f7b04') in 0.017205 seconds 
========================================================================
Received Import Request.
  Time since last request: 0.000074 seconds.
  path: Assets/Sprites/Emily Cake Right Hurt Sprite.png
  artifactKey: Guid(daa3569e9f1694247a670381c5905630) Importer(815301076,1909f56bfc062723c751e8b465ee728b)
Start importing Assets/Sprites/Emily Cake Right Hurt Sprite.png using Guid(daa3569e9f1694247a670381c5905630) Importer(815301076,1909f56bfc062723c751e8b465ee728b)  -> (artifact id: 'c369839ef429fd68fc6f77d0644542e2') in 0.065446 seconds 
========================================================================
Received Import Request.
  Time since last request: 0.000051 seconds.
  path: Assets/Sprites/Starman.png
  artifactKey: Guid(ef2cfec62d28ffa4fa3dc900eddc93ea) Importer(815301076,1909f56bfc062723c751e8b465ee728b)
Start importing Assets/Sprites/Starman.png using Guid(ef2cfec62d28ffa4fa3dc900eddc93ea) Importer(815301076,1909f56bfc062723c751e8b465ee728b)  -> (artifact id: 'ee35566ad84ff1ee58a057d29f54a342') in 0.018500 seconds 
========================================================================
Received Import Request.
  Time since last request: 0.000056 seconds.
  path: Assets/Sprites/Mario_Small_Run3.png
  artifactKey: Guid(d819e2f75eeea5242b6de17737bb2268) Importer(815301076,1909f56bfc062723c751e8b465ee728b)
Start importing Assets/Sprites/Mario_Small_Run3.png using Guid(d819e2f75eeea5242b6de17737bb2268) Importer(815301076,1909f56bfc062723c751e8b465ee728b)  -> (artifact id: 'e58a0f04629687b3a6554b0e4e28b3d1') in 0.025321 seconds 
========================================================================
Received Import Request.
  Time since last request: 0.000036 seconds.
  path: Assets/Sprites/FlagPole.png
  artifactKey: Guid(8d42928fc92d1af49bf1da4ad3499cf8) Importer(815301076,1909f56bfc062723c751e8b465ee728b)
Start importing Assets/Sprites/FlagPole.png using Guid(8d42928fc92d1af49bf1da4ad3499cf8) Importer(815301076,1909f56bfc062723c751e8b465ee728b)  -> (artifact id: 'ec4b72df8c2817a3d1a197d671f04049') in 0.022092 seconds 
========================================================================
Received Import Request.
  Time since last request: 0.000030 seconds.
  path: Assets/Sprites/Sprite Sheet - Green Jump Start-up.png
  artifactKey: Guid(4f96c4525ce5ae1449814b81cb459d4b) Importer(815301076,1909f56bfc062723c751e8b465ee728b)
Start importing Assets/Sprites/Sprite Sheet - Green Jump Start-up.png using Guid(4f96c4525ce5ae1449814b81cb459d4b) Importer(815301076,1909f56bfc062723c751e8b465ee728b)  -> (artifact id: '375489a73c9242c5da1f38238a627e11') in 0.047644 seconds 
========================================================================
Received Import Request.
  Time since last request: 0.000025 seconds.
  path: Assets/Sprites/Goomba_Walk2.png
  artifactKey: Guid(2ecd82c9f9059ce4d90acf918c441096) Importer(815301076,1909f56bfc062723c751e8b465ee728b)
Start importing Assets/Sprites/Goomba_Walk2.png using Guid(2ecd82c9f9059ce4d90acf918c441096) Importer(815301076,1909f56bfc062723c751e8b465ee728b)  -> (artifact id: '7e7a83d3e3162f707f15c10cd63e7c2c') in 0.102907 seconds 
========================================================================
Received Import Request.
  Time since last request: 0.000042 seconds.
  path: Assets/Sprites/GroundBlock.png
  artifactKey: Guid(3c4b4f84d678a304fa1fcda891cc29b5) Importer(815301076,1909f56bfc062723c751e8b465ee728b)
Start importing Assets/Sprites/GroundBlock.png using Guid(3c4b4f84d678a304fa1fcda891cc29b5) Importer(815301076,1909f56bfc062723c751e8b465ee728b)  -> (artifact id: '6c793787f52c7c1d4673936ae7e1126f') in 0.123112 seconds 
========================================================================
Received Import Request.
  Time since last request: 0.000030 seconds.
  path: Assets/Sprites/LeftRun1.png
  artifactKey: Guid(0947c58965da8c64f933fddfb48bdde0) Importer(815301076,1909f56bfc062723c751e8b465ee728b)
Start importing Assets/Sprites/LeftRun1.png using Guid(0947c58965da8c64f933fddfb48bdde0) Importer(815301076,1909f56bfc062723c751e8b465ee728b)  -> (artifact id: 'a9d54048d072ffcf52112e45da246c7f') in 0.274334 seconds 
========================================================================
Received Import Request.
  Time since last request: 0.000028 seconds.
  path: Assets/Sprites/Sprite Sheet - Green Death.png
  artifactKey: Guid(37aa7ae02881d0f4b8b5e32919646456) Importer(815301076,1909f56bfc062723c751e8b465ee728b)
Start importing Assets/Sprites/Sprite Sheet - Green Death.png using Guid(37aa7ae02881d0f4b8b5e32919646456) Importer(815301076,1909f56bfc062723c751e8b465ee728b)  -> (artifact id: 'df3ad6f4a3fc7f42bad34421030d3b65') in 0.057939 seconds 
========================================================================
Received Import Request.
  Time since last request: 0.000041 seconds.
  path: Assets/Sprites/Mario_Big_Run3.png
  artifactKey: Guid(bd69c9ac1c7046d41862f618d99ca856) Importer(815301076,1909f56bfc062723c751e8b465ee728b)
Start importing Assets/Sprites/Mario_Big_Run3.png using Guid(bd69c9ac1c7046d41862f618d99ca856) Importer(815301076,1909f56bfc062723c751e8b465ee728b)  -> (artifact id: '85513e8d40d2fc68134ef81f0ea4b321') in 0.014729 seconds 
========================================================================
Received Import Request.
  Time since last request: 0.000055 seconds.
  path: Assets/Sprites/Sprite Sheet - Green Jump Land.png
  artifactKey: Guid(ae7b495337938814b97889e26aa59dce) Importer(815301076,1909f56bfc062723c751e8b465ee728b)
Start importing Assets/Sprites/Sprite Sheet - Green Jump Land.png using Guid(ae7b495337938814b97889e26aa59dce) Importer(815301076,1909f56bfc062723c751e8b465ee728b)  -> (artifact id: 'cc4a8daa135165167443522500ac67de') in 0.034127 seconds 
========================================================================
Received Import Request.
  Time since last request: 0.000019 seconds.
  path: Assets/Sprites/Mario_Small_Run2.png
  artifactKey: Guid(35672984aa1fd894da6716da8832d93a) Importer(815301076,1909f56bfc062723c751e8b465ee728b)
Start importing Assets/Sprites/Mario_Small_Run2.png using Guid(35672984aa1fd894da6716da8832d93a) Importer(815301076,1909f56bfc062723c751e8b465ee728b)  -> (artifact id: '066a33c71ec09f4fec2a2d0c57fd50d3') in 0.013966 seconds 
========================================================================
Received Import Request.
  Time since last request: 0.000037 seconds.
  path: Assets/Sprites/Flag.png
  artifactKey: Guid(a2132df9ba605ca4f979f7beb7edf69d) Importer(815301076,1909f56bfc062723c751e8b465ee728b)
Start importing Assets/Sprites/Flag.png using Guid(a2132df9ba605ca4f979f7beb7edf69d) Importer(815301076,1909f56bfc062723c751e8b465ee728b)  -> (artifact id: '26f8554ebad37f49bb8fef4365c7987b') in 0.015691 seconds 
========================================================================
Received Import Request.
  Time since last request: 0.000029 seconds.
  path: Assets/Sprites/Mario_Big_Run1.png
  artifactKey: Guid(70a814181cd2645409e832dd63d92fb0) Importer(815301076,1909f56bfc062723c751e8b465ee728b)
Start importing Assets/Sprites/Mario_Big_Run1.png using Guid(70a814181cd2645409e832dd63d92fb0) Importer(815301076,1909f56bfc062723c751e8b465ee728b)  -> (artifact id: 'bda05ecb7c888329c7c94047d8b43946') in 0.018167 seconds 
========================================================================
Received Prepare
Registering precompiled user dll's ...
Registered in 0.009686 seconds.
Begin MonoManager ReloadAssembly
Native extension for WindowsStandalone target not found
Refreshing native plugins compatible for Editor in 0.68 ms, found 1 plugins.
Preloading 0 native plugins for Editor in 0.00 ms.
Mono: successfully reloaded assembly
- Completed reload, in  1.532 seconds
Domain Reload Profiling:
	ReloadAssembly (1533ms)
		BeginReloadAssembly (196ms)
			ExecutionOrderSort (0ms)
			DisableScriptedObjects (10ms)
			BackupInstance (0ms)
			ReleaseScriptingObjects (0ms)
			CreateAndSetChildDomain (36ms)
		EndReloadAssembly (1152ms)
			LoadAssemblies (129ms)
			RebuildTransferFunctionScriptingTraits (0ms)
			SetupTypeCache (255ms)
			ReleaseScriptCaches (2ms)
			RebuildScriptCaches (98ms)
			SetupLoadedEditorAssemblies (525ms)
				LogAssemblyErrors (0ms)
				InitializePlatformSupportModulesInManaged (30ms)
				SetLoadedEditorAssemblies (1ms)
				RefreshPlugins (1ms)
				BeforeProcessingInitializeOnLoad (130ms)
				ProcessInitializeOnLoadAttributes (267ms)
				ProcessInitializeOnLoadMethodAttributes (68ms)
				AfterProcessingInitializeOnLoad (28ms)
				EditorAssembliesLoaded (0ms)
			ExecutionOrderSort2 (0ms)
			AwakeInstancesAfterBackupRestoration (17ms)
Platform modules already initialized, skipping
Refreshing native plugins compatible for Editor in 2.08 ms, found 1 plugins.
Preloading 0 native plugins for Editor in 0.00 ms.
Unloading 1468 Unused Serialized files (Serialized files now loaded: 0)
Unloading 10 unused Assets / (24.6 KB). Loaded Objects now: 1981.
Memory consumption went from 85.2 MB to 85.2 MB.
Total: 5.008800 ms (FindLiveObjects: 0.228400 ms CreateObjectMapping: 0.095400 ms MarkObjects: 4.659700 ms  DeleteObjects: 0.022900 ms)

AssetImportParameters requested are different than current active one (requested -> active):
  custom:video-decoder-ogg-theora: a1e56fd34408186e4bbccfd4996cb3dc -> 
  custom:container-muxer-webm: aa71ff27fc2769a1b78a27578f13a17b -> 
  custom:container-demuxer-webm: 4f35f7cbe854078d1ac9338744f61a02 -> 
  custom:video-encoder-webm-vp8: eb34c28f22e8b96e1ab97ce403110664 -> 
  custom:audio-encoder-webm-vorbis: bf7c407c2cedff20999df2af8eb42d56 -> 
  custom:framework-win-MediaFoundation: 216162199b28c13a410421893ffa2e32 -> 
  custom:container-demuxer-ogg: 62fdf1f143b41e24485cea50d1cbac27 -> 
  custom:video-decoder-webm-vp8: 9c59270c3fd7afecdb556c50c9e8de78 -> 
  custom:audio-decoder-ogg-vorbis: bf7c407c2cedff20999df2af8eb42d56 -> 
